2025-12-10 14:40:37,163 - semgrep.run_scan - DEBUG - semgrep version 1.145.0
2025-12-10 14:40:37,165 - semgrep.config_resolver - DEBUG - Loading local config from .semgrep.yml
2025-12-10 14:40:37,165 - semgrep.config_resolver - DEBUG - Done loading local config from .semgrep.yml
2025-12-10 14:40:37,166 - semgrep.config_resolver - DEBUG - Saved rules to /tmp/semgrep-dihsmcy6.rules
2025-12-10 14:40:37,298 - semgrep.rpc - DEBUG - RPC completed in: 0.121893s
2025-12-10 14:40:37,301 - semgrep.rule_lang - DEBUG - semgrep-core validation response: error=None
2025-12-10 14:40:37,310 - semgrep.rule_lang - DEBUG - semgrep-core validation succeeded
2025-12-10 14:40:37,310 - semgrep.rule_lang - DEBUG - RPC validation succeeded
2025-12-10 14:40:37,310 - semgrep.config_resolver - DEBUG - loaded 1 configs in 0.14560770988464355
2025-12-10 14:40:37,311 - semgrep.run_scan - VERBOSE - running 2 rules from 1 config .semgrep.yml_0
2025-12-10 14:40:37,311 - semgrep.run_scan - VERBOSE - Rules:
2025-12-10 14:40:37,311 - semgrep.run_scan - VERBOSE - - no-child-process-exec
2025-12-10 14:40:37,311 - semgrep.run_scan - VERBOSE - - no-child-process-spawn-shell
2025-12-10 14:40:37,312 - semgrep.rpc_call - DEBUG - get_targets request: ScanningRoots(root_paths=[Fpath(value='.')], targeting_conf=TargetingConf(exclude=[], max_target_bytes=1000000, respect_gitignore=True, respect_semgrepignore_files=True, always_select_explicit_targets=True, explicit_targets=[], force_novcs_project=False, exclude_minified_files=False, include_=None, semgrepignore_filename=None, force_project_root=None, baseline_commit=None))
2025-12-10 14:40:37,521 - semgrep.rpc - DEBUG - RPC completed in: 0.208955s
2025-12-10 14:40:37,521 - semgrep.rpc_call - DEBUG - get_targets resp: target paths: Fppath(fpath=Fpath(value='.github/workflows/security.yml'), ppath=Ppath(value='/.github/workflows/security.yml')), Fppath(fpath=Fpath(value='.semgrep.yml'), ppath=Ppath(value='/.semgrep.yml')), Fppath(fpath=Fpath(value='.semgrep/semgrep.log'), ppath=Ppath(value='/.semgrep/semgrep.log')), Fppath(fpath=Fpath(value='.semgrep/settings.yml'), ppath=Ppath(value='/.semgrep/settings.yml')), Fppath(fpath=Fpath(value='README.md'), ppath=Ppath(value='/README.md')), Fppath(fpath=Fpath(value='package-lock.json'), ppath=Ppath(value='/package-lock.json')), Fppath(fpath=Fpath(value='package.json'), ppath=Ppath(value='/package.json')), Fppath(fpath=Fpath(value='public/styles.css'), ppath=Ppath(value='/public/styles.css')), Fppath(fpath=Fpath(value='src/server.js'), ppath=Ppath(value='/src/server.js')), Fppath(fpath=Fpath(value='views/index.ejs'), ppath=Ppath(value='/views/index.ejs'))
2025-12-10 14:40:37,521 - semgrep.rpc_call - DEBUG - get_targets resp: skipped targets: SkippedTarget(path=Fpath(value='node_modules/.bin/ejs'), reason=SkipReason(value=SemgrepignorePatternsMatch()), details='excluded by --include/--exclude, gitignore, or semgrepignore', rule_id=None), SkippedTarget(path=Fpath(value='node_modules/.bin/jake'), reason=SkipReason(value=SemgrepignorePatternsMatch()), details='excluded by --include/--exclude, gitignore, or semgrepignore', rule_id=None), SkippedTarget(path=Fpath(value='node_modules/.package-lock.json'), reason=SkipReason(value=SemgrepignorePatternsMatch()), details='excluded by --include/--exclude, gitignore, or semgrepignore', rule_id=None), SkippedTarget(path=Fpath(value='node_modules/accepts/HISTORY.md'), reason=SkipReason(value=SemgrepignorePatternsMatch()), details='excluded by --include/--exclude, gitignore, or semgrepignore', rule_id=None), SkippedTarget(path=Fpath(value='node_modules/accepts/LICENSE'), reason=SkipReason(value=SemgrepignorePatternsMatch()), details='excluded by --include/--exclude, gitignore, or semgrepignore', rule_id=None), SkippedTarget(path=Fpath(value='node_modules/accepts/README.md'), reason=SkipReason(value=SemgrepignorePatternsMatch()), details='excluded by --include/--exclude, gitignore, or semgrepignore', rule_id=None), SkippedTarget(path=Fpath(value='node_modules/accepts/index.js'), reason=SkipReason(value=SemgrepignorePatternsMatch()), details='excluded by --include/--exclude, gitignore, or semgrepignore', rule_id=None), SkippedTarget(path=Fpath(value='node_modules/accepts/package.json'), reason=SkipReason(value=SemgrepignorePatternsMatch()), details='excluded by --include/--exclude, gitignore, or semgrepignore', rule_id=None), SkippedTarget(path=Fpath(value='node_modules/async/CHANGELOG.md'), reason=SkipReason(value=SemgrepignorePatternsMatch()), details='excluded by --include/--exclude, gitignore, or semgrepignore', rule_id=None), SkippedTarget(path=Fpath(value='node_modules/async/LICENSE'), reason=SkipReason(value=SemgrepignorePatternsMatch()), details='excluded by --include/--exclude, gitignore, or semgrepignore', rule_id=None), SkippedTarget(path=Fpath(value='node_modules/async/README.md'), reason=SkipReason(value=SemgrepignorePatternsMatch()), details='excluded by --include/--exclude, gitignore, or semgrepignore', rule_id=None), SkippedTarget(path=Fpath(value='node_modules/async/all.js'), reason=SkipReason(value=SemgrepignorePatternsMatch()), details='excluded by --include/--exclude, gitignore, or semgrepignore', rule_id=None), SkippedTarget(path=Fpath(value='node_modules/async/allLimit.js'), reason=SkipReason(value=SemgrepignorePatternsMatch()), details='excluded by --include/--exclude, gitignore, or semgrepignore', rule_id=None), SkippedTarget(path=Fpath(value='node_modules/async/allSeries.js'), reason=SkipReason(value=SemgrepignorePatternsMatch()), details='excluded by --include/--exclude, gitignore, or semgrepignore', rule_id=None), SkippedTarget(path=Fpath(value='node_modules/async/any.js'), reason=SkipReason(value=SemgrepignorePatternsMatch()), details='excluded by --include/--exclude, gitignore, or semgrepignore', rule_id=None), SkippedTarget(path=Fpath(value='node_modules/async/anyLimit.js'), reason=SkipReason(value=SemgrepignorePatternsMatch()), details='excluded by --include/--exclude, gitignore, or semgrepignore', rule_id=None), SkippedTarget(path=Fpath(value='node_modules/async/anySeries.js'), reason=SkipReason(value=SemgrepignorePatternsMatch()), details='excluded by --include/--exclude, gitignore, or semgrepignore', rule_id=None), SkippedTarget(path=Fpath(value='node_modules/async/apply.js'), reason=SkipReason(value=SemgrepignorePatternsMatch()), details='excluded by --include/--exclude, gitignore, or semgrepignore', rule_id=None), SkippedTarget(path=Fpath(value='node_modules/async/applyEach.js'), reason=SkipReason(value=SemgrepignorePatternsMatch()), details='excluded by --include/--exclude, gitignore, or semgrepignore', rule_id=None), SkippedTarget(path=Fpath(value='node_modules/async/applyEachSeries.js'), reason=SkipReason(value=SemgrepignorePatternsMatch()), details='excluded by --include/--exclude, gitignore, or semgrepignore', rule_id=None), SkippedTarget(path=Fpath(value='node_modules/async/asyncify.js'), reason=SkipReason(value=SemgrepignorePatternsMatch()), details='excluded by --include/--exclude, gitignore, or semgrepignore', rule_id=None), SkippedTarget(path=Fpath(value='node_modules/async/auto.js'), reason=SkipReason(value=SemgrepignorePatternsMatch()), details='excluded by --include/--exclude, gitignore, or semgrepignore', rule_id=None), SkippedTarget(path=Fpath(value='node_modules/async/autoInject.js'), reason=SkipReason(value=SemgrepignorePatternsMatch()), details='excluded by --include/--exclude, gitignore, or semgrepignore', rule_id=None), SkippedTarget(path=Fpath(value='node_modules/async/bower.json'), reason=SkipReason(value=SemgrepignorePatternsMatch()), details='excluded by --include/--exclude, gitignore, or semgrepignore', rule_id=None), SkippedTarget(path=Fpath(value='node_modules/async/cargo.js'), reason=SkipReason(value=SemgrepignorePatternsMatch()), details='excluded by --include/--exclude, gitignore, or semgrepignore', rule_id=None), SkippedTarget(path=Fpath(value='node_modules/async/cargoQueue.js'), reason=SkipReason(value=SemgrepignorePatternsMatch()), details='excluded by --include/--exclude, gitignore, or semgrepignore', rule_id=None), SkippedTarget(path=Fpath(value='node_modules/async/compose.js'), reason=SkipReason(value=SemgrepignorePatternsMatch()), details='excluded by --include/--exclude, gitignore, or semgrepignore', rule_id=None), SkippedTarget(path=Fpath(value='node_modules/async/concat.js'), reason=SkipReason(value=SemgrepignorePatternsMatch()), details='excluded by --include/--exclude, gitignore, or semgrepignore', rule_id=None), SkippedTarget(path=Fpath(value='node_modules/async/concatLimit.js'), reason=SkipReason(value=SemgrepignorePatternsMatch()), details='excluded by --include/--exclude, gitignore, or semgrepignore', rule_id=None), SkippedTarget(path=Fpath(value='node_modules/async/concatSeries.js'), reason=SkipReason(value=SemgrepignorePatternsMatch()), details='excluded by --include/--exclude, gitignore, or semgrepignore', rule_id=None) (and 771 others)
2025-12-10 14:40:37,539 - semgrep.core_runner - DEBUG - Passing whole rules directly to semgrep_core
2025-12-10 14:40:37,540 - semgrep.core_runner - DEBUG - pyro-caml will not be used for profiling. Reason(s): pyro-caml is not in PATH; trace is not enabled.
2025-12-10 14:40:37,541 - semgrep.core_runner - DEBUG - Running Semgrep engine with command:
2025-12-10 14:40:37,541 - semgrep.core_runner - DEBUG - /home/djaws/Documents/CI/CI-CD/.venv/lib/python3.13/site-packages/semgrep/bin/semgrep-core -json -rules /tmp/tmpbo4m367y.json -targets /tmp/tmp1lsyvems -timeout 5 -timeout_threshold 3 -max_memory 0 -fast
2025-12-10 14:40:37,693 - semgrep.core_runner - DEBUG - --- semgrep-core stderr ---
<semgrep-core stderr not captured, should be printed above>
--- end semgrep-core stderr ---
2025-12-10 14:40:37,694 - semgrep.core_runner - DEBUG - semgrep ran in 0:00:00.154436 on 1 files
2025-12-10 14:40:37,694 - semgrep.core_runner - DEBUG - findings summary: 0 warning
2025-12-10 14:40:37,694 - semgrep.run_scan - VERBOSE - SCA findings adjustment: No SCA rules to adjust
2025-12-10 14:40:37,694 - semgrep.app.auth - DEBUG - Getting API token from settings file
2025-12-10 14:40:37,694 - semgrep.app.auth - DEBUG - No API token found in settings file
2025-12-10 14:40:37,725 - semgrep.output - VERBOSE - 
========================================
Files skipped:
========================================

  Always skipped by Semgrep:

   • <none>

  Skipped by .gitignore:
  (Disable by passing --no-git-ignore)

   • <all files not listed by `git ls-files` were skipped>

  Skipped by .semgrepignore:
  - https://semgrep.dev/docs/ignoring-files-folders-code/#understand-semgrep-defaults

   • <SKIPPED DATA (too many entries; use --max-log-list-entries)>

  Skipped by --include patterns:

   • <none>

  Skipped by --exclude patterns:

   • <none>

  Files that couldn't be accessed:

   • <none>

  Skipped by limiting to files smaller than 1000000 bytes:
  (Adjust with the --max-target-bytes flag)

   • <none>

  Partially analyzed due to parsing or internal Semgrep errors

   • <none>

2025-12-10 14:40:37,726 - semgrep.output - INFO - ✅ Scan completed successfully.
 • Findings: 0 (0 blocking)
 • Rules run: 2
 • Targets scanned: 1
 • Parsed lines: ~100.0%
 • Scan skipped: 
   ◦ Files matching .semgrepignore patterns: 801
 • Scan was limited to files tracked by git
 • For a detailed list of skipped files and lines, run semgrep with the --verbose flag
Ran 2 rules on 1 file: 0 findings.
2025-12-10 14:40:37,731 - semgrep.app.version - DEBUG - Version cache does not exist
2025-12-10 14:41:01,737 - semgrep.app.version - DEBUG - Fetching latest version failed to connect: HTTPSConnectionPool(host='semgrep.dev', port=443): Max retries exceeded with url: /api/check-version (Caused by NameResolutionError("HTTPSConnection(host='semgrep.dev', port=443): Failed to resolve 'semgrep.dev' ([Errno -2] Name or service not known)"))
2025-12-10 14:41:01,738 - semgrep.app.version - DEBUG - Version cache does not exist
2025-12-10 14:41:01,738 - semgrep.metrics - VERBOSE - Not sending pseudonymous metrics since metrics are configured to AUTO, registry usage is False, and login status is False
